2024-03-02 19:16:11,378 - INFO - starting app
2024-03-02 19:16:15,926 - INFO - starting app
2024-03-02 19:16:25,871 - INFO - starting app
2024-03-02 19:18:46,833 - INFO - starting app
2024-03-02 19:19:14,191 - INFO - Starting ................
2024-03-02 19:19:14,196 - INFO - ended.
2024-03-02 19:19:28,446 - INFO - starting app
2024-03-02 19:19:30,576 - INFO - starting app
2024-03-02 19:19:36,861 - INFO - starting app
2024-03-02 19:19:43,197 - INFO - starting app
2024-03-02 19:19:45,903 - INFO - Starting ................
2024-03-02 19:19:45,906 - INFO - ended. process_time: 0.0024340152740478516
2024-03-02 19:20:15,078 - INFO - starting app
2024-03-02 19:20:30,307 - INFO - starting app
2024-03-02 19:20:35,664 - INFO - starting app
2024-03-02 19:20:37,714 - INFO - starting app
2024-03-02 19:20:39,891 - INFO - starting app
2024-03-02 19:20:47,219 - INFO - starting app
2024-03-02 19:20:53,804 - INFO - starting app
2024-03-02 19:21:08,017 - INFO - starting app
2024-03-02 19:21:26,439 - INFO - Starting ................
2024-03-02 19:21:26,445 - INFO - ended. process_time: 0.005656003952026367
2024-03-02 19:21:32,982 - INFO - Starting ................
2024-03-02 19:21:32,997 - WARNING - Product is no more available
2024-03-02 19:21:33,000 - INFO - ended. process_time: 0.016301870346069336
2024-03-02 19:23:50,654 - INFO - starting app
2024-03-02 19:24:23,889 - INFO - starting app
2024-03-02 19:24:34,789 - INFO - starting app
2024-03-06 18:09:26,295 - INFO - starting app
2024-03-06 18:09:57,432 - INFO - Starting ................
2024-03-06 18:09:57,436 - INFO - ended. process_time: 0.002228975296020508
2024-03-06 18:09:57,441 - INFO - Starting ................
2024-03-06 18:09:57,443 - INFO - ended. process_time: 0.001461029052734375
2024-03-06 18:09:58,387 - INFO - Starting ................
2024-03-06 18:09:58,405 - INFO - ended. process_time: 0.017193317413330078
2024-03-06 18:10:06,267 - INFO - Starting ................
2024-03-06 18:10:06,277 - INFO - ended. process_time: 0.009024858474731445
2024-03-06 18:10:38,758 - INFO - Starting ................
2024-03-06 18:10:38,770 - ERROR - An error occurred while processing
2024-03-06 18:12:00,923 - INFO - starting app
2024-03-06 18:12:03,093 - INFO - starting app
2024-03-06 18:12:23,765 - INFO - Starting ................
2024-03-06 18:12:23,770 - INFO - ended. process_time: 0.00460505485534668
2024-03-06 18:12:26,434 - INFO - Starting ................
2024-03-06 18:12:26,436 - ERROR - An error occurred while processing
2024-03-06 18:12:38,696 - INFO - starting app
2024-03-06 18:12:39,746 - INFO - Starting ................
2024-03-06 18:12:39,749 - INFO - ended. process_time: 0.0029571056365966797
2024-03-06 18:12:40,271 - INFO - Starting ................
2024-03-06 18:12:40,272 - ERROR - An error occurred while processing
2024-03-06 18:17:01,115 - INFO - starting app
2024-03-06 18:17:05,185 - INFO - starting app
2024-03-06 18:17:09,985 - INFO - starting app
2024-03-06 18:17:11,056 - INFO - starting app
2024-03-06 18:18:13,007 - INFO - starting app
2024-03-06 18:18:32,206 - INFO - starting app
2024-03-06 18:18:33,866 - INFO - starting app
2024-03-06 18:18:39,865 - INFO - starting app
2024-03-06 18:18:43,462 - INFO - starting app
2024-03-06 18:18:47,534 - INFO - starting app
2024-03-06 18:18:57,438 - INFO - starting app
2024-03-06 18:19:06,476 - INFO - starting app
2024-03-06 18:19:08,784 - INFO - Starting ................
2024-03-06 18:19:08,793 - INFO - ended. process_time: 0.007317066192626953
2024-03-06 18:19:10,522 - INFO - Starting ................
2024-03-06 18:19:10,525 - ERROR - An error occurred while processing
2024-03-06 18:22:31,064 - INFO - starting app
2024-03-06 18:22:34,177 - INFO - starting app
2024-03-06 18:22:37,594 - INFO - starting app
2024-03-06 18:23:18,108 - INFO - starting app
2024-03-06 18:24:11,576 - INFO - starting app
2024-03-06 18:24:12,796 - INFO - starting app
2024-03-06 18:24:15,812 - INFO - Starting ................
2024-03-06 18:24:15,814 - ERROR - An error occurred while processing
2024-03-06 18:24:16,915 - INFO - Starting ................
2024-03-06 18:24:16,917 - ERROR - An error occurred while processing
2024-03-06 18:24:52,731 - INFO - starting app
2024-03-06 18:25:05,424 - INFO - starting app
2024-03-06 18:25:06,877 - INFO - starting app
2024-03-06 18:25:09,020 - INFO - starting app
2024-03-06 18:25:12,353 - INFO - starting app
2024-03-06 18:25:22,153 - INFO - starting app
2024-03-06 18:25:27,902 - INFO - Starting ................
2024-03-06 18:25:27,905 - INFO - ended. process_time: 0.003323793411254883
2024-03-06 18:25:28,843 - INFO - Starting ................
2024-03-06 18:25:28,844 - ERROR - An error occurred while processing
2024-03-06 18:25:29,946 - INFO - Starting ................
2024-03-06 18:25:29,947 - ERROR - An error occurred while processing
2024-03-06 18:26:03,493 - INFO - starting app
2024-03-06 18:26:47,256 - INFO - starting app
2024-03-06 18:26:52,446 - INFO - starting app
2024-03-06 18:26:53,766 - INFO - starting app
2024-03-06 18:26:55,600 - INFO - starting app
2024-03-06 18:27:04,349 - INFO - Starting ................
2024-03-06 18:27:04,355 - INFO - ended. process_time: 0.004580020904541016
2024-03-06 18:27:05,264 - INFO - Starting ................
2024-03-06 18:27:05,265 - ERROR - An error occurred while processing
2024-03-06 18:27:06,192 - INFO - Starting ................
2024-03-06 18:27:06,193 - ERROR - An error occurred while processing
2024-03-06 18:27:37,632 - INFO - starting app
2024-03-06 18:27:42,012 - INFO - Starting ................
2024-03-06 18:27:42,028 - INFO - ended. process_time: 0.015030145645141602
2024-03-06 18:27:42,695 - INFO - Starting ................
2024-03-06 18:27:42,696 - ERROR - An error occurred while processing
2024-03-06 18:30:31,616 - INFO - starting app
2024-03-06 18:30:35,447 - INFO - starting app
2024-03-06 18:30:37,386 - INFO - starting app
2024-03-06 18:30:41,191 - INFO - Starting ................
2024-03-06 18:30:41,196 - INFO - ended. process_time: 0.004773139953613281
2024-03-06 18:30:42,013 - INFO - Starting ................
2024-03-06 18:30:42,014 - ERROR - An error occurred while processing
2024-03-06 18:31:10,531 - INFO - starting app
2024-03-06 18:31:12,619 - INFO - starting app
2024-03-06 18:31:15,232 - INFO - starting app
2024-03-06 18:31:17,164 - INFO - starting app
2024-03-06 18:31:19,323 - INFO - starting app
2024-03-06 18:31:21,619 - INFO - starting app
2024-03-06 18:31:25,947 - INFO - Starting ................
2024-03-06 18:31:25,956 - INFO - ended. process_time: 0.008577108383178711
2024-03-06 18:31:27,319 - INFO - Starting ................
2024-03-06 18:31:27,324 - ERROR - An error occurred while processing
2024-03-06 18:32:59,658 - INFO - starting app
2024-03-06 18:33:07,336 - INFO - starting app
2024-03-06 18:33:10,991 - INFO - starting app
2024-03-06 18:33:15,085 - INFO - starting app
2024-03-06 18:33:18,066 - INFO - starting app
2024-03-06 18:33:23,934 - INFO - Starting ................
2024-03-06 18:33:23,937 - INFO - ended. process_time: 0.0023851394653320312
2024-03-06 18:33:24,952 - INFO - Starting ................
2024-03-06 18:33:24,953 - INFO - ended. process_time: 0.0008842945098876953
2024-03-06 18:33:25,402 - INFO - Starting ................
2024-03-06 18:33:25,403 - INFO - ended. process_time: 0.001065969467163086
2024-03-06 18:33:25,579 - INFO - Starting ................
2024-03-06 18:33:25,580 - INFO - ended. process_time: 0.0012450218200683594
2024-03-06 18:33:25,964 - INFO - Starting ................
2024-03-06 18:33:25,966 - INFO - ended. process_time: 0.0009338855743408203
2024-03-06 18:35:14,085 - INFO - starting app
2024-03-06 18:35:15,197 - INFO - starting app
2024-03-06 18:39:56,013 - INFO - starting app
2024-03-06 18:40:01,224 - INFO - starting app
2024-03-06 18:40:04,486 - INFO - starting app
2024-03-06 18:40:09,663 - INFO - starting app
2024-03-06 18:40:14,368 - INFO - starting app
2024-03-06 18:40:19,974 - INFO - starting app
2024-03-06 18:40:24,558 - INFO - starting app
2024-03-06 18:40:33,377 - INFO - starting app
2024-03-06 18:40:39,154 - INFO - Starting ................
2024-03-06 18:40:39,159 - INFO - ended. process_time: 0.002850055694580078
2024-03-06 18:40:40,149 - INFO - Starting ................
2024-03-06 18:40:40,151 - INFO - ended. process_time: 0.0010747909545898438
2024-03-06 18:40:40,754 - INFO - Starting ................
2024-03-06 18:40:40,757 - INFO - ended. process_time: 0.002474069595336914
2024-03-06 18:40:41,484 - INFO - Starting ................
2024-03-06 18:40:41,485 - INFO - ended. process_time: 0.0008759498596191406
2024-03-06 18:40:42,347 - INFO - Starting ................
2024-03-06 18:40:42,348 - INFO - ended. process_time: 0.0013439655303955078
2024-03-06 18:40:49,273 - INFO - starting app
2024-03-06 18:40:50,732 - INFO - starting app
2024-03-06 18:40:51,727 - INFO - Starting ................
2024-03-06 18:40:51,736 - INFO - ended. process_time: 0.008332252502441406
2024-03-06 18:40:53,135 - INFO - Starting ................
2024-03-06 18:40:53,150 - INFO - ended. process_time: 0.013981342315673828
2024-03-06 18:40:53,840 - INFO - Starting ................
2024-03-06 18:40:53,842 - INFO - ended. process_time: 0.0016391277313232422
2024-03-06 18:40:54,384 - INFO - Starting ................
2024-03-06 18:40:54,385 - INFO - ended. process_time: 0.0014209747314453125
2024-03-06 18:40:54,794 - INFO - Starting ................
2024-03-06 18:40:54,796 - INFO - ended. process_time: 0.0013148784637451172
2024-03-06 18:40:55,248 - INFO - Starting ................
2024-03-06 18:40:55,249 - INFO - ended. process_time: 0.0011162757873535156
2024-03-06 18:40:55,706 - INFO - Starting ................
2024-03-06 18:40:55,708 - INFO - ended. process_time: 0.0012581348419189453
2024-03-06 18:40:56,262 - INFO - Starting ................
2024-03-06 18:40:56,263 - INFO - ended. process_time: 0.0011589527130126953
2024-03-06 18:41:08,258 - INFO - starting app
2024-03-06 18:41:10,588 - INFO - Starting ................
2024-03-06 18:41:10,594 - INFO - ended. process_time: 0.005263805389404297
2024-03-06 18:41:11,381 - INFO - Starting ................
2024-03-06 18:41:11,382 - INFO - ended. process_time: 0.001220703125
2024-03-06 18:41:11,964 - INFO - Starting ................
2024-03-06 18:41:11,965 - INFO - ended. process_time: 0.0014662742614746094
2024-03-06 18:56:22,061 - INFO - starting app
2024-03-06 19:02:04,545 - INFO - starting app
2024-03-06 19:02:40,951 - INFO - starting app
2024-03-06 19:02:45,026 - INFO - starting app
2024-03-06 19:17:07,251 - INFO - starting app
2024-03-06 19:17:08,381 - INFO - starting app
2024-03-06 19:17:11,856 - INFO - starting app
2024-03-06 19:17:28,534 - INFO - starting app
2024-03-06 19:18:02,196 - INFO - starting app
2024-03-06 19:18:05,548 - INFO - starting app
2024-03-12 00:02:30,704 - INFO - starting app
2024-03-12 00:02:33,115 - INFO - Starting ................
2024-03-12 00:02:33,117 - INFO - ended. process_time: 0.0016148090362548828
2024-03-12 00:02:34,517 - INFO - Starting ................
2024-03-12 00:02:34,520 - INFO - ended. process_time: 0.002201080322265625
2024-03-12 00:02:36,992 - INFO - Starting ................
2024-03-12 00:02:36,994 - INFO - ended. process_time: 0.0016660690307617188
2024-03-12 00:02:37,412 - INFO - Starting ................
2024-03-12 00:02:37,428 - INFO - ended. process_time: 0.008056640625
2024-03-12 00:02:48,973 - INFO - Starting ................
2024-03-12 00:02:48,975 - INFO - ended. process_time: 0.002094745635986328
2024-03-12 12:35:23,548 - INFO - starting app
2024-03-12 12:35:28,044 - INFO - Starting ................
2024-03-12 12:35:28,049 - INFO - ended. process_time: 0.001990795135498047
2024-03-12 12:35:28,410 - INFO - Starting ................
2024-03-12 12:35:28,425 - INFO - ended. process_time: 0.015001058578491211
2024-03-12 12:40:17,469 - INFO - Starting ................
2024-03-12 12:40:17,472 - INFO - ended. process_time: 0.002414703369140625
2024-03-12 14:02:34,075 - INFO - starting app
2024-03-12 14:03:03,099 - INFO - Starting ................
2024-03-12 14:03:03,103 - INFO - ended. process_time: 0.001177072525024414
2024-03-12 14:03:03,659 - INFO - Starting ................
2024-03-12 14:03:03,682 - INFO - ended. process_time: 0.023157119750976562
2024-03-12 14:03:16,253 - INFO - Starting ................
2024-03-12 14:03:16,255 - INFO - ended. process_time: 0.0012793540954589844
2024-03-12 14:03:35,712 - INFO - Starting ................
2024-03-12 14:03:35,717 - ERROR - An error occurred while processing
2024-03-12 14:04:43,091 - INFO - Starting ................
2024-03-12 14:04:43,094 - ERROR - An error occurred while processing
2024-03-12 14:05:27,804 - INFO - starting app
2024-03-12 14:05:29,381 - INFO - Starting ................
2024-03-12 14:05:29,390 - INFO - ended. process_time: 0.009154558181762695
2024-03-12 14:07:51,612 - INFO - starting app
2024-03-12 14:08:02,026 - INFO - Starting ................
2024-03-12 14:08:02,051 - INFO - ended. process_time: 0.0077304840087890625
2024-03-12 14:08:04,887 - INFO - Starting ................
2024-03-12 14:08:04,892 - INFO - ended. process_time: 0.0038101673126220703
2024-03-12 14:08:14,284 - INFO - starting app
2024-03-12 14:08:15,332 - INFO - Starting ................
2024-03-12 14:08:15,345 - INFO - ended. process_time: 0.006482601165771484
2024-03-12 14:08:24,263 - INFO - starting app
2024-03-12 14:08:34,035 - INFO - Starting ................
2024-03-12 14:08:34,039 - INFO - ended. process_time: 0.0028073787689208984
2024-03-12 14:08:40,790 - INFO - Starting ................
2024-03-12 14:08:40,795 - INFO - ended. process_time: 0.004175901412963867
2024-03-12 14:08:41,364 - INFO - Starting ................
2024-03-12 14:08:41,395 - INFO - ended. process_time: 0.027886390686035156
2024-03-12 14:08:50,807 - INFO - Starting ................
2024-03-12 14:08:50,811 - INFO - ended. process_time: 0.0015680789947509766
2024-03-12 14:09:02,353 - INFO - Starting ................
2024-03-12 14:09:02,354 - INFO - ended. process_time: 0.001255035400390625
2024-03-12 14:09:30,447 - INFO - starting app
2024-03-12 14:09:35,478 - INFO - starting app
2024-03-12 14:09:44,285 - INFO - Starting ................
2024-03-12 14:09:44,285 - INFO - ended. process_time: 0.0
2024-03-12 14:09:44,510 - INFO - Starting ................
2024-03-12 14:09:44,538 - INFO - ended. process_time: 0.028347492218017578
2024-03-12 14:09:55,237 - INFO - Starting ................
2024-03-12 14:09:55,239 - INFO - ended. process_time: 0.002185344696044922
2024-03-12 14:10:24,332 - INFO - Starting ................
2024-03-12 14:10:24,335 - INFO - ended. process_time: 0.0017745494842529297
2024-03-12 14:10:45,978 - INFO - starting app
2024-03-12 14:10:46,489 - INFO - Starting ................
2024-03-12 14:10:46,493 - INFO - ended. process_time: 0.0039441585540771484
2024-03-12 14:11:11,034 - INFO - starting app
2024-03-12 14:11:12,468 - INFO - Starting ................
2024-03-12 14:11:12,476 - INFO - ended. process_time: 0.007437944412231445
2024-03-12 14:12:04,535 - INFO - starting app
2024-03-12 14:12:08,460 - INFO - Starting ................
2024-03-12 14:12:08,466 - INFO - ended. process_time: 0.002719402313232422
2024-03-12 14:12:46,906 - INFO - starting app
2024-03-12 14:12:50,109 - INFO - Starting ................
2024-03-12 14:12:50,113 - INFO - ended. process_time: 0.003917217254638672
2024-03-12 14:13:14,745 - INFO - starting app
2024-03-12 21:27:37,476 - INFO - starting app
2024-03-12 21:27:44,786 - INFO - Starting ................
2024-03-12 21:27:44,794 - INFO - ended. process_time: 0.00755763053894043
2024-03-12 21:28:13,795 - INFO - starting app
2024-03-12 21:28:17,224 - INFO - starting app
2024-03-12 21:28:25,435 - INFO - Starting ................
2024-03-12 21:28:25,448 - INFO - ended. process_time: 0.010236263275146484
2024-03-12 21:28:41,165 - INFO - starting app
2024-03-12 21:29:00,169 - INFO - starting app
2024-03-12 21:29:04,152 - INFO - Starting ................
2024-03-12 21:29:04,156 - INFO - ended. process_time: 0.0020987987518310547
2024-03-12 21:29:13,920 - INFO - starting app
2024-03-12 21:29:58,354 - INFO - starting app
2024-03-12 21:30:00,226 - INFO - starting app
2024-03-12 21:30:02,043 - INFO - Starting ................
2024-03-12 21:30:02,052 - INFO - ended. process_time: 0.006811618804931641
2024-03-12 21:30:42,697 - INFO - Starting ................
2024-03-12 21:30:42,701 - INFO - ended. process_time: 0.0026733875274658203
2024-03-12 21:34:09,313 - INFO - starting app
2024-03-12 21:34:09,480 - INFO - Starting ................
2024-03-12 21:34:09,484 - INFO - ended. process_time: 0.0037038326263427734
2024-03-12 21:34:12,589 - INFO - Starting ................
2024-03-12 21:34:12,598 - INFO - ended. process_time: 0.0
2024-03-12 21:34:34,392 - INFO - starting app
2024-03-12 21:34:38,262 - INFO - Starting ................
2024-03-12 21:34:38,266 - ERROR - An error occurred while processing
2024-03-12 21:34:38,671 - INFO - Starting ................
2024-03-12 21:34:38,677 - ERROR - An error occurred while processing
2024-03-12 21:34:49,765 - INFO - starting app
2024-03-12 21:34:53,211 - INFO - Starting ................
2024-03-12 21:34:53,217 - INFO - ended. process_time: 0.005515575408935547
2024-03-12 21:35:36,943 - INFO - starting app
2024-03-12 21:35:37,806 - INFO - Starting ................
2024-03-12 21:35:37,806 - INFO - ended. process_time: 0.0
2024-03-12 21:35:56,464 - INFO - starting app
2024-03-12 21:35:57,951 - INFO - Starting ................
2024-03-12 21:35:57,958 - INFO - ended. process_time: 0.006976604461669922
2024-03-12 21:42:39,692 - INFO - starting app
2024-03-13 01:53:50,500 - INFO - starting app
2024-03-13 01:53:59,657 - INFO - Starting ................
2024-03-13 01:53:59,659 - INFO - ended. process_time: 0.0
2024-03-13 01:54:20,431 - INFO - Starting ................
2024-03-13 01:54:20,431 - INFO - ended. process_time: 0.0
2024-03-13 01:55:21,989 - INFO - Starting ................
2024-03-13 01:55:21,992 - INFO - ended. process_time: 0.003010988235473633
2024-03-13 01:55:28,356 - INFO - Starting ................
2024-03-13 01:55:28,381 - INFO - ended. process_time: 0.024082422256469727
2024-03-13 02:00:17,767 - INFO - starting app
2024-03-13 02:00:28,175 - INFO - Starting ................
2024-03-13 02:00:28,177 - INFO - ended. process_time: 0.0016200542449951172
2024-03-13 02:00:28,668 - INFO - Starting ................
2024-03-13 02:00:28,693 - INFO - ended. process_time: 0.02434706687927246
2024-03-13 02:01:19,469 - INFO - Starting ................
2024-03-13 02:01:19,473 - INFO - ended. process_time: 0.0031163692474365234
2024-03-13 02:01:57,560 - INFO - Starting ................
2024-03-13 02:01:57,562 - INFO - ended. process_time: 0.0011005401611328125
2024-03-13 02:02:07,912 - INFO - Starting ................
2024-03-13 02:02:07,918 - INFO - ended. process_time: 0.001626729965209961
2024-03-13 02:02:19,273 - INFO - Starting ................
2024-03-13 02:02:19,274 - INFO - ended. process_time: 0.0
2024-03-13 02:02:35,911 - INFO - Starting ................
2024-03-13 02:02:35,914 - INFO - ended. process_time: 0.0032196044921875
2024-03-13 02:02:51,180 - INFO - Starting ................
2024-03-13 02:02:51,182 - INFO - ended. process_time: 0.0018832683563232422
2024-03-13 02:02:55,213 - INFO - Starting ................
2024-03-13 02:02:55,215 - INFO - ended. process_time: 0.0018377304077148438
2024-03-13 02:15:33,402 - INFO - starting app
2024-03-13 02:15:43,444 - INFO - Starting ................
2024-03-13 02:15:43,444 - INFO - ended. process_time: 0.0
2024-03-13 02:15:48,170 - INFO - Starting ................
2024-03-13 02:15:48,173 - INFO - ended. process_time: 0.002744913101196289
2024-03-13 02:15:50,499 - INFO - Starting ................
2024-03-13 02:15:50,500 - INFO - ended. process_time: 0.0010368824005126953
2024-03-13 02:16:55,982 - INFO - starting app
2024-03-13 02:17:18,932 - INFO - starting app
2024-03-13 02:19:51,119 - INFO - Starting ................
2024-03-13 02:19:51,123 - INFO - ended. process_time: 0.002889871597290039
2024-03-13 02:20:00,555 - INFO - Starting ................
2024-03-13 02:20:00,562 - INFO - ended. process_time: 0.0014390945434570312
2024-03-13 02:20:12,954 - INFO - Starting ................
2024-03-13 02:20:12,956 - INFO - ended. process_time: 0.0018832683563232422
2024-03-13 02:31:01,003 - INFO - Starting ................
2024-03-13 02:31:01,008 - INFO - ended. process_time: 0.0013751983642578125
2024-03-13 02:32:48,003 - INFO - starting app
2024-03-13 02:32:54,532 - INFO - starting app
2024-03-13 10:09:39,780 - INFO - starting app
2024-03-13 10:09:41,004 - INFO - starting app
2024-03-13 10:09:42,208 - INFO - starting app
2024-03-13 10:09:43,234 - INFO - starting app
2024-03-13 10:09:47,641 - INFO - Starting ................
2024-03-13 10:09:47,641 - INFO - ended. process_time: 0.0
2024-03-13 10:09:47,997 - INFO - Starting ................
2024-03-13 10:09:48,013 - INFO - ended. process_time: 0.015678882598876953
2024-03-13 10:11:20,872 - INFO - starting app
2024-03-13 10:12:34,695 - INFO - starting app
2024-03-13 10:15:05,559 - INFO - starting app
2024-03-13 10:15:25,924 - INFO - Starting ................
2024-03-13 10:15:25,924 - INFO - ended. process_time: 0.0
2024-03-13 10:15:26,705 - INFO - Starting ................
2024-03-13 10:15:26,709 - INFO - ended. process_time: 0.002655029296875
2024-03-13 10:15:30,330 - INFO - Starting ................
2024-03-13 10:15:30,330 - INFO - ended. process_time: 0.0
2024-03-13 10:15:30,669 - INFO - Starting ................
2024-03-13 10:15:30,677 - INFO - ended. process_time: 0.007972002029418945
2024-03-13 10:15:41,469 - INFO - Starting ................
2024-03-13 10:15:41,472 - INFO - ended. process_time: 0.002633810043334961
2024-03-13 10:17:42,922 - INFO - Starting ................
2024-03-13 10:17:42,925 - ERROR - An error occurred while processing
2024-03-13 10:17:47,007 - INFO - Starting ................
2024-03-13 10:17:47,010 - ERROR - An error occurred while processing
2024-03-13 10:18:40,570 - INFO - starting app
2024-03-13 10:18:45,894 - INFO - Starting ................
2024-03-13 10:18:45,894 - ERROR - An error occurred while processing
2024-03-13 10:19:42,046 - INFO - starting app
2024-03-13 10:19:47,704 - INFO - Starting ................
2024-03-13 10:19:47,704 - ERROR - An error occurred while processing
2024-03-13 10:20:48,347 - INFO - Starting ................
2024-03-13 10:20:48,350 - ERROR - An error occurred while processing
2024-03-13 10:21:42,095 - INFO - Starting ................
2024-03-13 10:21:42,099 - INFO - ended. process_time: 0.0023908615112304688
2024-03-13 10:33:17,789 - INFO - starting app
2024-03-13 10:36:20,443 - INFO - starting app
2024-03-13 10:36:48,741 - INFO - starting app
2024-03-13 10:36:52,142 - INFO - Starting ................
2024-03-13 10:36:52,142 - INFO - ended. process_time: 0.0
2024-03-13 10:36:57,993 - INFO - Starting ................
2024-03-13 10:36:57,996 - ERROR - An error occurred while processing
2024-03-13 10:37:01,911 - INFO - Starting ................
2024-03-13 10:37:01,912 - INFO - ended. process_time: 0.0
2024-03-13 10:37:02,282 - INFO - Starting ................
2024-03-13 10:37:02,305 - INFO - ended. process_time: 0.02130436897277832
2024-03-13 10:37:33,088 - INFO - Starting ................
2024-03-13 10:37:33,090 - ERROR - An error occurred while processing
2024-03-13 10:47:41,104 - INFO - starting app
2024-03-13 10:47:50,155 - INFO - Starting ................
2024-03-13 10:47:50,155 - INFO - ended. process_time: 0.0
2024-03-13 10:47:50,561 - INFO - Starting ................
2024-03-13 10:47:50,576 - INFO - ended. process_time: 0.014739751815795898
2024-03-13 10:48:14,935 - INFO - Starting ................
2024-03-13 10:48:14,938 - INFO - ended. process_time: 0.001996755599975586
2024-03-13 10:48:29,612 - INFO - Starting ................
2024-03-13 10:48:29,614 - INFO - ended. process_time: 0.0027611255645751953
2024-03-13 10:48:53,373 - INFO - starting app
2024-03-13 11:00:10,577 - INFO - starting app
2024-03-13 11:01:09,043 - INFO - Starting ................
2024-03-13 11:01:09,052 - INFO - ended. process_time: 0.008511543273925781
2024-03-13 11:01:09,410 - INFO - Starting ................
2024-03-13 11:01:09,426 - INFO - ended. process_time: 0.014316558837890625
2024-03-13 11:01:33,158 - INFO - starting app
2024-03-13 11:01:36,458 - INFO - starting app
2024-03-13 11:01:39,318 - INFO - starting app
2024-03-13 11:01:42,494 - INFO - starting app
2024-03-13 11:01:46,526 - INFO - Starting ................
2024-03-13 11:01:46,542 - INFO - ended. process_time: 0.01562666893005371
2024-03-13 11:01:46,750 - INFO - Starting ................
2024-03-13 11:01:46,768 - INFO - ended. process_time: 0.015381574630737305
2024-03-13 11:02:20,509 - INFO - Starting ................
2024-03-13 11:02:20,529 - INFO - ended. process_time: 0.01910114288330078
2024-03-13 11:32:31,270 - INFO - starting app
2024-03-13 11:32:53,520 - INFO - Starting ................
2024-03-13 11:32:53,520 - ERROR - An error occurred while processing
2024-03-13 11:34:22,505 - INFO - starting app
2024-03-13 11:34:24,517 - INFO - starting app
2024-03-13 11:38:58,554 - INFO - starting app
2024-03-13 11:43:41,375 - INFO - Starting ................
2024-03-13 11:43:41,375 - INFO - ended. process_time: 0.0
2024-03-13 11:43:41,801 - INFO - Starting ................
2024-03-13 11:43:41,816 - INFO - ended. process_time: 0.014750480651855469
2024-03-13 11:43:58,367 - INFO - Starting ................
2024-03-13 11:43:58,370 - INFO - ended. process_time: 0.002172708511352539
2024-03-13 11:44:16,452 - INFO - starting app
2024-03-13 11:44:18,971 - INFO - starting app
2024-03-13 11:44:22,397 - INFO - starting app
2024-03-13 11:44:30,061 - INFO - starting app
2024-03-13 11:44:35,928 - INFO - starting app
2024-03-13 11:44:41,235 - INFO - starting app
2024-03-13 11:44:43,580 - INFO - starting app
2024-03-13 11:44:52,375 - INFO - starting app
2024-03-13 11:44:53,675 - INFO - starting app
2024-03-13 11:45:13,350 - INFO - starting app
2024-03-13 11:45:14,632 - INFO - starting app
